<?xml version="1.0" encoding="UTF-8"?>
<!-- Generated by org.testng.reporters.JUnitReportReporter -->
<testsuite hostname="Ravi-Gayu" failures="0" tests="4" name="com.testng.intro.OrangeHRMTest" time="26.239" errors="0" timestamp="2024-07-30T10:28:35 IST" skipped="0">
  <testcase classname="com.testng.intro.OrangeHRMTest" name="openApp" time="16.834"/>
  <system-out/>
  <testcase classname="com.testng.intro.OrangeHRMTest" name="testLogo" time="0.958"/>
  <system-out/>
  <testcase classname="com.testng.intro.OrangeHRMTest" name="login" time="3.099"/>
  <system-out/>
  <testcase classname="com.testng.intro.OrangeHRMTest" name="logout" time="5.348"/>
  <system-out/>
</testsuite> <!-- com.testng.intro.OrangeHRMTest -->
