<?xml version="1.0" encoding="UTF-8"?>
<!-- Generated by org.testng.reporters.JUnitReportReporter -->
<testsuite hostname="Ravi-Gayu" failures="0" tests="2" name="com.testng.dependency.GroupDependency3" time="0.036" errors="0" timestamp="2024-07-30T18:10:21 IST" skipped="0">
  <testcase classname="com.testng.dependency.GroupDependency3" name="paymentInRupees" time="0.032"/>
  <system-out/>
  <testcase classname="com.testng.dependency.GroupDependency3" name="paymentInDollors" time="0.004"/>
  <system-out/>
</testsuite> <!-- com.testng.dependency.GroupDependency3 -->
