<?xml version="1.0" encoding="UTF-8"?>
<!-- Generated by org.testng.reporters.JUnitReportReporter -->
<testsuite hostname="Ravi-Gayu" failures="0" tests="3" name="com.testng.dependency.GroupDependency1" time="0.050" errors="0" timestamp="2024-07-30T17:53:39 IST" skipped="0">
  <testcase classname="com.testng.dependency.GroupDependency1" name="loginByEmail" time="0.031"/>
  <system-out/>
  <testcase classname="com.testng.dependency.GroupDependency1" name="loginByFacebook" time="0.010"/>
  <system-out/>
  <testcase classname="com.testng.dependency.GroupDependency1" name="loginByX" time="0.009"/>
  <system-out/>
</testsuite> <!-- com.testng.dependency.GroupDependency1 -->
