<?xml version="1.0" encoding="UTF-8"?>
<!-- Generated by org.testng.reporters.JUnitReportReporter -->
<testsuite hostname="Ravi-Gayu" failures="0" tests="3" name="com.testng.intro.FirstDayCase" time="0.043" errors="0" timestamp="2024-07-30T08:54:30 IST" skipped="0">
  <testcase classname="com.testng.intro.FirstDayCase" name="openapp" time="0.027"/>
  <system-out/>
  <testcase classname="com.testng.intro.FirstDayCase" name="login" time="0.008"/>
  <system-out/>
  <testcase classname="com.testng.intro.FirstDayCase" name="logout" time="0.008"/>
  <system-out/>
</testsuite> <!-- com.testng.intro.FirstDayCase -->
