<?xml version="1.0" encoding="UTF-8"?>
<!-- Generated by org.testng.reporters.JUnitReportReporter -->
<testsuite hostname="Ravi-Gayu" failures="0" tests="2" name="com.testng.annotation.AnnotationXMLlevelDemo1" time="0.028" errors="0" timestamp="2024-07-30T12:40:22 IST" skipped="0">
  <testcase classname="com.testng.annotation.AnnotationXMLlevelDemo1" name="Method1" time="0.021"/>
  <system-out/>
  <testcase classname="com.testng.annotation.AnnotationXMLlevelDemo1" name="Method1" time="0.007"/>
  <system-out/>
</testsuite> <!-- com.testng.annotation.AnnotationXMLlevelDemo1 -->
