<?xml version="1.0" encoding="UTF-8"?>
<!-- Generated by org.testng.reporters.JUnitReportReporter -->
<testsuite hostname="Ravi-Gayu" failures="0" tests="1" name="com.pageobjectmodel.OrangeHRMLoginTest" time="3.875" errors="0" timestamp="2024-07-31T21:00:20 IST" skipped="0">
  <testcase classname="com.pageobjectmodel.OrangeHRMLoginTest" name="testLogin" time="3.875"/>
  <system-out/>
</testsuite> <!-- com.pageobjectmodel.OrangeHRMLoginTest -->
