<?xml version="1.0" encoding="UTF-8"?>
<!-- Generated by org.testng.reporters.JUnitReportReporter -->
<testsuite hostname="Ravi-Gayu" failures="0" tests="1" name="com.testng.assertion.AssertionDemo1" time="0.035" errors="0" timestamp="2024-07-30T14:58:49 IST" skipped="0">
  <testcase classname="com.testng.assertion.AssertionDemo1" name="testTitle" time="0.035"/>
  <system-out/>
</testsuite> <!-- com.testng.assertion.AssertionDemo1 -->
