<?xml version="1.0" encoding="UTF-8"?>
<!-- Generated by org.testng.reporters.JUnitReportReporter -->
<testsuite hostname="Ravi-Gayu" failures="0" tests="1" name="com.pageobjectmodel.OrangeHRMLoginTestCase" time="4.195" errors="0" timestamp="2024-07-31T21:29:07 IST" skipped="0">
  <testcase classname="com.pageobjectmodel.OrangeHRMLoginTestCase" name="testLogin" time="4.195"/>
  <system-out/>
</testsuite> <!-- com.pageobjectmodel.OrangeHRMLoginTestCase -->
