<?xml version="1.0" encoding="UTF-8"?>
<!-- Generated by org.testng.reporters.JUnitReportReporter -->
<testsuite hostname="Ravi-Gayu" failures="0" tests="6" name="com.testng.parameterization.ParamTest" time="3.844" errors="0" timestamp="2024-07-30T22:23:24 IST" skipped="0">
  <testcase classname="com.testng.parameterization.ParamTest" name="testLogo" time="1.453"/>
  <system-out/>
  <testcase classname="com.testng.parameterization.ParamTest" name="testLogo" time="2.166"/>
  <system-out/>
  <testcase classname="com.testng.parameterization.ParamTest" name="testTitle" time="0.036"/>
  <system-out/>
  <testcase classname="com.testng.parameterization.ParamTest" name="testTitle" time="0.063"/>
  <system-out/>
  <testcase classname="com.testng.parameterization.ParamTest" name="testURL" time="0.095"/>
  <system-out/>
  <testcase classname="com.testng.parameterization.ParamTest" name="testURL" time="0.031"/>
  <system-out/>
</testsuite> <!-- com.testng.parameterization.ParamTest -->
