<?xml version="1.0" encoding="UTF-8"?>
<!-- Generated by org.testng.reporters.JUnitReportReporter -->
<testsuite hostname="Ravi-Gayu" failures="0" tests="2" name="com.testng.annotation.AnnotationDemo2" time="0.031" errors="0" timestamp="2024-07-30T11:40:42 IST" skipped="0">
  <testcase classname="com.testng.annotation.AnnotationDemo2" name="search" time="0.021"/>
  <system-out/>
  <testcase classname="com.testng.annotation.AnnotationDemo2" name="advancedSearch" time="0.010"/>
  <system-out/>
</testsuite> <!-- com.testng.annotation.AnnotationDemo2 -->
