<?xml version="1.0" encoding="UTF-8"?>
<!-- Generated by org.testng.reporters.JUnitReportReporter -->
<testsuite hostname="Ravi-Gayu" failures="0" tests="2" name="com.testng.annotation.AllAnnotationXMLlevel" time="0.034" errors="0" timestamp="2024-07-30T12:55:24 IST" skipped="0">
  <testcase classname="com.testng.annotation.AllAnnotationXMLlevel" name="TestMethod1" time="0.024"/>
  <system-out/>
  <testcase classname="com.testng.annotation.AllAnnotationXMLlevel" name="TestMethod2" time="0.010"/>
  <system-out/>
</testsuite> <!-- com.testng.annotation.AllAnnotationXMLlevel -->
