<?xml version="1.0" encoding="UTF-8"?>
<!-- Generated by org.testng.reporters.JUnitReportReporter -->
<testsuite hostname="Ravi-Gayu" failures="0" tests="1" name="com.testng.assertion.SoftAssertions" time="0.047" errors="0" timestamp="2024-07-30T15:40:50 IST" skipped="0">
  <testcase classname="com.testng.assertion.SoftAssertions" name="softAssertTest" time="0.047"/>
  <system-out/>
</testsuite> <!-- com.testng.assertion.SoftAssertions -->
