<?xml version="1.0" encoding="UTF-8"?>
<!-- Generated by org.testng.reporters.JUnitReportReporter -->
<testsuite hostname="Ravi-Gayu" failures="0" tests="3" name="com.testng.dependency.GroupDependency" time="0.044" errors="0" timestamp="2024-07-30T17:16:07 IST" skipped="0">
  <testcase classname="com.testng.dependency.GroupDependency" name="loginByEmail" time="0.037"/>
  <system-out/>
  <testcase classname="com.testng.dependency.GroupDependency" name="loginByFacebook" time="0.004"/>
  <system-out/>
  <testcase classname="com.testng.dependency.GroupDependency" name="loginByX" time="0.003"/>
  <system-out/>
</testsuite> <!-- com.testng.dependency.GroupDependency -->
