<?xml version="1.0" encoding="UTF-8"?>
<!-- Generated by org.testng.reporters.JUnitReportReporter -->
<testsuite hostname="Ravi-Gayu" failures="0" tests="3" name="com.testng.dependency.GroupDependency2" time="0.018" errors="0" timestamp="2024-07-30T17:48:02 IST" skipped="0">
  <testcase classname="com.testng.dependency.GroupDependency2" name="signupByEmail" time="0.007"/>
  <system-out/>
  <testcase classname="com.testng.dependency.GroupDependency2" name="signupByFacebook" time="0.007"/>
  <system-out/>
  <testcase classname="com.testng.dependency.GroupDependency2" name="signupByX" time="0.004"/>
  <system-out/>
</testsuite> <!-- com.testng.dependency.GroupDependency2 -->
