<?xml version="1.0" encoding="UTF-8"?>
<!-- Generated by org.testng.reporters.JUnitReportReporter -->
<testsuite hostname="Ravi-Gayu" failures="0" tests="2" name="com.testng.annotation.AnnotationDemo1" time="0.048" errors="0" timestamp="2024-07-30T11:28:39 IST" skipped="0">
  <testcase classname="com.testng.annotation.AnnotationDemo1" name="search" time="0.039"/>
  <system-out/>
  <testcase classname="com.testng.annotation.AnnotationDemo1" name="advancedSearch" time="0.009"/>
  <system-out/>
</testsuite> <!-- com.testng.annotation.AnnotationDemo1 -->
