<?xml version="1.0" encoding="UTF-8"?>
<!-- Generated by org.testng.reporters.JUnitReportReporter -->
<testsuite hostname="Ravi-Gayu" failures="0" tests="1" name="com.testng.assertion.HardVsSoftAssertions" time="0.050" errors="0" timestamp="2024-07-30T15:47:20 IST" skipped="0">
  <testcase classname="com.testng.assertion.HardVsSoftAssertions" name="testSoftAsstions" time="0.050"/>
  <system-out/>
</testsuite> <!-- com.testng.assertion.HardVsSoftAssertions -->
